<?xml version="1.0" encoding="UTF-8"?>
<!-- Generated by org.testng.reporters.JUnitReportReporter -->
<testsuite hostname="CSSLSYSTEM-424" name="compareParcel.CompareParcels" tests="1" failures="0" timestamp="28 Mar 2016 14:21:03 GMT" time="39.513" errors="0">
  <testcase name="compareParcel" time="39.513" classname="compareParcel.CompareParcels"/>
</testsuite> <!-- compareParcel.CompareParcels -->
