<?xml version="1.0" encoding="UTF-8"?>
<!-- Generated by org.testng.reporters.JUnitReportReporter -->
<testsuite hostname="CSSLSYSTEM-424" name="findParcel.ContentsOfLayers" tests="1" failures="0" timestamp="1 Apr 2016 12:35:44 GMT" time="75.200" errors="0">
  <testcase name="contentsOfAcreage" time="75.200" classname="findParcel.ContentsOfLayers"/>
</testsuite> <!-- findParcel.ContentsOfLayers -->
