<?xml version="1.0" encoding="UTF-8"?>
<!-- Generated by org.testng.reporters.JUnitReportReporter -->
<testsuite hostname="CSSLSYSTEM-424" name="findParcel.SiteSpecificIncentives" tests="1" failures="0" timestamp="1 Apr 2016 12:35:44 GMT" time="72.108" errors="0">
  <testcase name="siteSpecificIncentives" time="72.108" classname="findParcel.SiteSpecificIncentives"/>
</testsuite> <!-- findParcel.SiteSpecificIncentives -->
