<?xml version="1.0" encoding="UTF-8"?>
<!-- Generated by org.testng.reporters.JUnitReportReporter -->
<testsuite hostname="CSSLSYSTEM-424" name="analyzeParcels.LayerInfoDisplayLocalInfoLayers" tests="2" failures="0" timestamp="31 Mar 2016 06:39:25 GMT" time="127.327" errors="0">
  <testcase name="displayLocalInfoLayers" time="61.380" classname="analyzeParcels.LayerInfoDisplayLocalInfoLayers"/>
  <testcase name="displayLocalInfoLayers" time="65.947" classname="analyzeParcels.LayerInfoDisplayLocalInfoLayers"/>
</testsuite> <!-- analyzeParcels.LayerInfoDisplayLocalInfoLayers -->
