<?xml version="1.0" encoding="UTF-8"?>
<!-- Generated by org.testng.reporters.JUnitReportReporter -->
<testsuite hostname="CSSLSYSTEM-424" name="findParcel.ValidateOperationalLayersOnLoad" tests="1" failures="0" timestamp="1 Apr 2016 12:35:44 GMT" time="76.262" errors="0">
  <testcase name="validateOperationalLayers" time="76.262" classname="findParcel.ValidateOperationalLayersOnLoad"/>
</testsuite> <!-- findParcel.ValidateOperationalLayersOnLoad -->
