<?xml version="1.0" encoding="UTF-8"?>
<!-- Generated by org.testng.reporters.JUnitReportReporter -->
<testsuite hostname="CSSLSYSTEM-424" name="powerTools.QueryBuilderTool" tests="2" failures="0" timestamp="29 Mar 2016 10:29:58 GMT" time="154.512" errors="0">
  <testcase name="verifySearchQuery" time="68.610" classname="powerTools.QueryBuilderTool"/>
  <testcase name="verifySearchQuery" time="85.902" classname="powerTools.QueryBuilderTool"/>
</testsuite> <!-- powerTools.QueryBuilderTool -->
