<?xml version="1.0" encoding="UTF-8"?>
<!-- Generated by org.testng.reporters.JUnitReportReporter -->
<testsuite hostname="CSSLSYSTEM-424" name="analyzeParcels.LayerInfoParcelLayers" tests="2" failures="0" timestamp="31 Mar 2016 06:39:25 GMT" time="86.877" errors="0">
  <testcase name="layerInfoParcelLayers" time="41.163" classname="analyzeParcels.LayerInfoParcelLayers"/>
  <testcase name="layerInfoParcelLayers" time="45.714" classname="analyzeParcels.LayerInfoParcelLayers"/>
</testsuite> <!-- analyzeParcels.LayerInfoParcelLayers -->
