<?xml version="1.0" encoding="UTF-8"?>
<!-- Generated by org.testng.reporters.JUnitReportReporter -->
<testsuite hostname="CSSLSYSTEM-424" name="analyzeParcels.LayerInfoSiteSpecificIncentiveLayers" tests="1" failures="0" timestamp="31 Mar 2016 06:39:25 GMT" time="54.329" errors="0">
  <testcase name="layerInfoSiteSpecificIncentiveLayers" time="54.329" classname="analyzeParcels.LayerInfoSiteSpecificIncentiveLayers"/>
</testsuite> <!-- analyzeParcels.LayerInfoSiteSpecificIncentiveLayers -->
